{"level":"error","message":"Erreur fatale lors du démarrage du serveur: logger is not defined","stack":"ReferenceError: logger is not defined\n    at testDbConnection (/Users/ebenyoub/Developer/plateforme/mars_ai/NERD-MarsAI-Back/src/config/database.ts:26:5)\n    at process.processTicksAndRejections (node:internal/process/task_queues:105:5)\n    at async startServer (/Users/ebenyoub/Developer/plateforme/mars_ai/NERD-MarsAI-Back/src/server.ts:22:5)\n    at async <anonymous> (/Users/ebenyoub/Developer/plateforme/mars_ai/NERD-MarsAI-Back/src/server.ts:38:1)","timestamp":"2026-02-22 22:03:01"}
{"level":"error","message":"❌ Impossible de joindre la base de données via le Pool :","timestamp":"2026-02-22 22:03:01"}
{"level":"error","message":"404 - Cet utilisateur est introuvable. - /users/4 - GET","timestamp":"2026-02-22 22:47:00"}
{"level":"error","message":"404 - Cet utilisateur est introuvable. - /users/12333 - GET","timestamp":"2026-02-22 22:47:09"}
{"level":"error","message":"404 - Cet utilisateur est introuvable. - /users/12333 - GET","timestamp":"2026-02-23 09:34:32"}
{"level":"error","message":"Le film 4 est introuvable","timestamp":"2026-02-23 11:21:23"}
{"level":"error","message":"404 - Le film 4 est introuvable - /movies/4 - GET","timestamp":"2026-02-23 11:21:23"}
{"level":"error","message":"Le film 4 est introuvable","timestamp":"2026-02-23 12:53:06"}
{"level":"error","message":"404 - Le film 4 est introuvable - /movies/4 - GET","timestamp":"2026-02-23 12:53:06"}
{"level":"error","message":"Réalisateur introuvable","timestamp":"2026-02-24 13:55:31"}
{"level":"error","message":"404 - Réalisateur introuvable - /directors/3333 - GET","timestamp":"2026-02-24 13:55:31"}
{"level":"error","message":"500 - Unknown column 'genre' in 'field list' - /directors - POST","timestamp":"2026-02-24 13:57:49"}
{"level":"error","message":"500 - Unknown column 'genre' in 'field list' - /directors - POST","timestamp":"2026-02-24 14:07:34"}
{"level":"error","message":"L'ID fourni n'est pas un nombre valide.","timestamp":"2026-02-24 14:11:37"}
{"level":"error","message":"400 - L'ID fourni n'est pas un nombre valide. - /directors/hgjgh - GET","timestamp":"2026-02-24 14:11:37"}
{"level":"error","message":"L'ID fourni n'est pas un nombre valide.","timestamp":"2026-02-24 23:58:56"}
{"level":"error","message":"400 - L'ID fourni n'est pas un nombre valide. - /directors/hgjgh - GET","timestamp":"2026-02-24 23:58:56"}
{"level":"error","message":"500 - Incorrect datetime value: '1990-05-14T22:00:00.000Z' for column 'birthday' at row 1 - /directors/ - POST","timestamp":"2026-02-25 00:00:30"}
{"level":"error","message":"500 - Duplicate entry 'isaac.bell@director.ai' for key 'director.email' - /directors/ - POST","timestamp":"2026-02-25 00:03:47"}
{"level":"error","message":"Impossible de lancer le serveur Express:","timestamp":"2026-02-25 09:41:51"}
{"level":"error","message":"Impossible de lancer le serveur Express:","timestamp":"2026-02-25 09:44:10"}
{"level":"error","message":"Impossible de lancer le serveur Express:","timestamp":"2026-02-25 09:44:12"}
{"level":"error","message":"Impossible de lancer le serveur Express:","timestamp":"2026-02-25 09:44:14"}
{"level":"error","message":"Impossible de lancer le serveur Express:","timestamp":"2026-02-25 09:50:10"}
{"level":"error","message":"Impossible de lancer le serveur Express:","timestamp":"2026-02-25 09:50:15"}
{"level":"error","message":"Impossible de lancer le serveur Express:","timestamp":"2026-02-25 09:50:16"}
{"level":"error","message":"Impossible de lancer le serveur Express:","timestamp":"2026-02-25 09:50:18"}
{"level":"error","message":"Impossible de lancer le serveur Express:","timestamp":"2026-02-25 09:50:21"}
{"level":"error","message":"Impossible de lancer le serveur Express:","timestamp":"2026-02-25 09:50:22"}
{"level":"error","message":"Impossible de lancer le serveur Express:","timestamp":"2026-02-25 09:50:48"}
{"level":"error","message":"Impossible de lancer le serveur Express:","timestamp":"2026-02-25 09:51:00"}
{"level":"error","message":"Impossible de lancer le serveur Express:","timestamp":"2026-02-25 10:09:01"}
{"level":"error","message":"Impossible de lancer le serveur Express:","timestamp":"2026-02-25 10:09:24"}
{"level":"error","message":"500 - Data truncated for column 'gender' at row 1 - /directors - POST","timestamp":"2026-02-25 11:26:50"}
{"level":"error","message":"500 - Data truncated for column 'gender' at row 1 - /directors - POST","timestamp":"2026-02-25 11:27:02"}
{"level":"error","message":"500 - Duplicate entry 'iskkkggaac.bell@director.ai' for key 'director.email' - /directors - POST","timestamp":"2026-02-25 11:27:38"}
{"level":"error","message":"Réalisateur introuvable","timestamp":"2026-02-25 13:58:00"}
{"level":"error","message":"404 - Réalisateur introuvable - /directors/3333 - GET","timestamp":"2026-02-25 13:58:00"}
{"level":"error","message":"Réalisateur introuvable","timestamp":"2026-02-25 14:13:02"}
{"level":"error","message":"404 - Réalisateur introuvable - /directors/3333 - GET","timestamp":"2026-02-25 14:13:02"}
{"level":"error","message":"Réalisateur introuvable","timestamp":"2026-02-25 14:14:04"}
{"level":"error","message":"404 - Réalisateur introuvable - /directors/132 - GET","timestamp":"2026-02-25 14:14:04"}
{"level":"error","message":"404 - Cet utilisateur est introuvable. - /users/5 - GET","timestamp":"2026-02-25 15:27:01"}
{"level":"error","message":"500 - Unknown column 'updated_at' in 'field list' - /rating - POST","timestamp":"2026-02-25 16:28:06"}
{"level":"error","message":"500 - Unknown column 'updated_at' in 'field list' - /rating - POST","timestamp":"2026-02-25 16:28:55"}
{"level":"error","message":"500 - Unknown column 'updated_at' in 'field list' - /rating - POST","timestamp":"2026-02-25 16:28:57"}
{"level":"error","message":"500 - Unknown column 'updated_at' in 'field list' - /rating - POST","timestamp":"2026-02-25 16:28:59"}
{"level":"error","message":"500 - Unknown column 'updated_at' in 'field list' - /rating - POST","timestamp":"2026-02-25 16:30:41"}
{"level":"error","message":"500 - Unknown column 'updated_at' in 'field list' - /rating - POST","timestamp":"2026-02-25 16:30:43"}
{"level":"error","message":"500 - Cannot add or update a child row: a foreign key constraint fails (`marsai`.`rating`, CONSTRAINT `fk_rating_movie_id` FOREIGN KEY (`movie_id`) REFERENCES `movie` (`id`) ON DELETE CASCADE ON UPDATE CASCADE) - /rating - POST","timestamp":"2026-02-25 16:32:39"}
{"level":"error","message":"500 - Duplicate entry '1-445' for key 'rating.PRIMARY' - /rating - POST","timestamp":"2026-02-25 16:47:08"}
{"level":"error","message":"Le film d'id 4465 est introuvable","timestamp":"2026-02-25 20:23:59"}
{"level":"error","message":"404 - Le film d'id 4465 est introuvable - /movies/4465 - GET","timestamp":"2026-02-25 20:23:59"}
{"level":"error","message":"404 - Aucun festinal n'a été trouvé. - /festivals/5 - GET","timestamp":"2026-02-25 20:28:52"}
{"level":"error","message":"500 - Unknown column 'updated_at' in 'field list' - /movies - POST","timestamp":"2026-02-26 12:53:33"}
{"level":"error","message":"500 - Column 'created_at' specified twice - /movies - POST","timestamp":"2026-02-26 12:54:58"}
{"level":"error","message":"500 - Duplicate entry 'Breath sdsdfof the Nexus #1' for key 'movie.title_en' - /movies - POST","timestamp":"2026-02-26 12:55:56"}
